<?xml version='1.0' encoding='UTF-8'?>
<testsuite hostname="MacBook-Air-49.local" name="ass2.GameTreeTest" tests="3" errors="0" failures="3" skipped="0" time="0.004" timestamp="2024-11-16T01:07:21">
          <properties>
[...]
</properties>
          <testcase classname="ass2.GameTreeTest" name="createTree should create a tree with one node for a full board" time="0.004">
                      <failure message="an implementation is missing" type="scala.NotImplementedError">scala.NotImplementedError: an implementation is missing
	at munit.FunSuite.assert(FunSuite.scala:11)
	at ass2.GameTreeTest.$init$$$anonfun$1(GameTreeSuite.scala:30)
</failure>
                    </testcase><testcase classname="ass2.GameTreeTest" name="createTree should create a tree with one node for the given board" time="0.0">
                      <failure message="an implementation is missing" type="scala.NotImplementedError">scala.NotImplementedError: an implementation is missing
	at munit.FunSuite.assert(FunSuite.scala:11)
	at ass2.GameTreeTest.$init$$$anonfun$2(GameTreeSuite.scala:45)
</failure>
                    </testcase><testcase classname="ass2.GameTreeTest" name="createTree should create a tree with 8 nodes for the given board" time="0.0">
                      <failure message="an implementation is missing" type="scala.NotImplementedError">scala.NotImplementedError: an implementation is missing
	at scala.Predef$.$qmark$qmark$qmark(Predef.scala:344)
	at ass2.tictactoe.TicTacToe$.gameOver(TicTacToe.scala:38)
	at ass2.tictactoe.TicTacToe$.gameOver(TicTacToe.scala:38)
	at ass2.GameTree.rec$1(GameTree.scala:18)
	at ass2.GameTree.createTree(GameTree.scala:24)
	at ass2.GameTree.createTree$(GameTree.scala:4)
	at ass2.GameTreeTest$TestGameTree$.createTree(GameTreeSuite.scala:6)
	at ass2.GameTreeTest.$init$$$anonfun$3(GameTreeSuite.scala:66)
</failure>
                    </testcase>
          <system-out><![CDATA[]]></system-out>
          <system-err><![CDATA[]]></system-err>
        </testsuite>